{"C:\\Users\\USER\\Documents\\CSE341\\W06\\starting-jest\\sum.js": {"path":"C:\\Users\\USER\\Documents\\CSE341\\W06\\starting-jest\\sum.js","statementMap":{"0":{"start":{"line":1,"column":21},"end":{"line":1,"column":33}},"1":{"start":{"line":3,"column":0},"end":{"line":3,"column":21}}},"fnMap":{"0":{"name":"sum","decl":{"start":{"line":1,"column":9},"end":{"line":1,"column":12}},"loc":{"start":{"line":1,"column":19},"end":{"line":1,"column":35}},"line":1}},"branchMap":{},"s":{"0":1,"1":1},"f":{"0":1},"b":{},"_coverageSchema":"1a1c01bbd47fc00a2c39e90264f33305004495a9","hash":"f67527b22c1fc3f796bb1fa44319fc283dec7f09"}
,"C:\\Users\\USER\\Documents\\CSE341\\W06\\starting-jest\\src\\filterByTerm.js": {"path":"C:\\Users\\USER\\Documents\\CSE341\\W06\\starting-jest\\src\\filterByTerm.js","statementMap":{"0":{"start":{"line":3,"column":4},"end":{"line":3,"column":63}},"1":{"start":{"line":3,"column":21},"end":{"line":3,"column":63}},"2":{"start":{"line":5,"column":4},"end":{"line":5,"column":66}},"3":{"start":{"line":5,"column":26},"end":{"line":5,"column":66}},"4":{"start":{"line":7,"column":18},"end":{"line":7,"column":45}},"5":{"start":{"line":8,"column":4},"end":{"line":10,"column":7}},"6":{"start":{"line":9,"column":8},"end":{"line":9,"column":45}},"7":{"start":{"line":13,"column":0},"end":{"line":13,"column":30}}},"fnMap":{"0":{"name":"filterByTerm","decl":{"start":{"line":1,"column":9},"end":{"line":1,"column":21}},"loc":{"start":{"line":1,"column":44},"end":{"line":11,"column":1}},"line":1},"1":{"name":"(anonymous_1)","decl":{"start":{"line":8,"column":27},"end":{"line":8,"column":28}},"loc":{"start":{"line":8,"column":45},"end":{"line":10,"column":5}},"line":8}},"branchMap":{"0":{"loc":{"start":{"line":3,"column":4},"end":{"line":3,"column":63}},"type":"if","locations":[{"start":{"line":3,"column":4},"end":{"line":3,"column":63}},{"start":{},"end":{}}],"line":3},"1":{"loc":{"start":{"line":5,"column":4},"end":{"line":5,"column":66}},"type":"if","locations":[{"start":{"line":5,"column":4},"end":{"line":5,"column":66}},{"start":{},"end":{}}],"line":5}},"s":{"0":2,"1":0,"2":2,"3":0,"4":2,"5":2,"6":6,"7":1},"f":{"0":2,"1":6},"b":{"0":[0,2],"1":[0,2]},"_coverageSchema":"1a1c01bbd47fc00a2c39e90264f33305004495a9","hash":"f43db918150e6844fbb7e8ec20f00cc0de8e8a8c"}
}
